EDA Netlist Writer report for Embertrail_ctrl
Fri Jan 31 13:11:53 2014
Quartus II 64-Bit Version 13.1.0 Build 162 10/23/2013 SJ Web Edition


---------------------
; Table of Contents ;
---------------------
  1. Legal Notice
  2. EDA Netlist Writer Summary
  3. EDA Netlist Writer Messages



----------------
; Legal Notice ;
----------------
Copyright (C) 1991-2013 Altera Corporation
Your use of Altera Corporation's design tools, logic functions 
and other software and tools, and its AMPP partner logic 
functions, and any output files from any of the foregoing 
(including device programming or simulation files), and any 
associated documentation or information are expressly subject 
to the terms and conditions of the Altera Program License 
Subscription Agreement, Altera MegaCore Function License 
Agreement, or other applicable license agreement, including, 
without limitation, that your use is for the sole purpose of 
programming logic devices manufactured by Altera and sold by 
Altera or its authorized distributors.  Please refer to the 
applicable agreement for further details.



+-------------------------------------------------------------------+
; EDA Netlist Writer Summary                                        ;
+---------------------------+---------------------------------------+
; EDA Netlist Writer Status ; Successful - Fri Jan 31 13:11:53 2014 ;
; Revision Name             ; Embertrail_ctrl                       ;
; Top-level Entity Name     ; Embertrail_ctrl                       ;
; Family                    ; Cyclone III                           ;
+---------------------------+---------------------------------------+


+-----------------------------+
; EDA Netlist Writer Messages ;
+-----------------------------+
Info: *******************************************************************
Info: Running Quartus II 64-Bit EDA Netlist Writer
    Info: Version 13.1.0 Build 162 10/23/2013 SJ Web Edition
    Info: Processing started: Fri Jan 31 13:11:52 2014
Info: Command: quartus_eda --read_settings_files=on --write_settings_files=off Embertrail_ctrl -c Embertrail_ctrl --gen_testbench
Info (119006): Selected device EP3C16F484C6 for design "Embertrail_ctrl"
Info (201000): Generated Verilog Test Bench File C:/Users/Matt/Desktop/Embertrail/Control unit/simulation/modelsim/Embertrail_ctrl.vt for simulation
Info: Quartus II 64-Bit EDA Netlist Writer was successful. 0 errors, 0 warnings
    Info: Peak virtual memory: 403 megabytes
    Info: Processing ended: Fri Jan 31 13:11:53 2014
    Info: Elapsed time: 00:00:01
    Info: Total CPU time (on all processors): 00:00:01


